  Camera.cpp
  LightBase.cpp
  main.cpp
  mesh.cpp
  mesh_ind.cpp
C:\Users\Andrei-Marian\Desktop\graphics\mesh_ind.cpp(29,16): warning C4018: '<': signed/unsigned mismatch
  OBJLoader.cpp
C:\Users\Andrei-Marian\Desktop\graphics\OBJLoader.cpp(96,15): warning C4018: '<': signed/unsigned mismatch
  Shader.cpp
  Transform.cpp
  Vertex.cpp
  Generating Code...
LINK : warning LNK4098: defaultlib 'LIBCMT' conflicts with use of other libs; use /NODEFAULTLIB:library
LINK : warning LNK4286: symbol '___glewUseProgram' defined in 'glew32s.lib(glew.obj)' is imported by 'LightBase.obj'
LINK : warning LNK4286: symbol '___glewUseProgram' defined in 'glew32s.lib(glew.obj)' is imported by 'Shader.obj'
LINK : warning LNK4286: symbol '___glewBindBuffer' defined in 'glew32s.lib(glew.obj)' is imported by 'mesh.obj'
LINK : warning LNK4286: symbol '___glewBindBuffer' defined in 'glew32s.lib(glew.obj)' is imported by 'mesh_ind.obj'
LINK : warning LNK4286: symbol '___glewBufferData' defined in 'glew32s.lib(glew.obj)' is imported by 'mesh.obj'
LINK : warning LNK4286: symbol '___glewBufferData' defined in 'glew32s.lib(glew.obj)' is imported by 'mesh_ind.obj'
LINK : warning LNK4286: symbol '___glewGenBuffers' defined in 'glew32s.lib(glew.obj)' is imported by 'mesh.obj'
LINK : warning LNK4286: symbol '___glewGenBuffers' defined in 'glew32s.lib(glew.obj)' is imported by 'mesh_ind.obj'
LINK : warning LNK4286: symbol '___glewEnableVertexAttribArray' defined in 'glew32s.lib(glew.obj)' is imported by 'mesh.obj'
LINK : warning LNK4286: symbol '___glewEnableVertexAttribArray' defined in 'glew32s.lib(glew.obj)' is imported by 'mesh_ind.obj'
LINK : warning LNK4286: symbol '___glewVertexAttribPointer' defined in 'glew32s.lib(glew.obj)' is imported by 'mesh.obj'
LINK : warning LNK4286: symbol '___glewVertexAttribPointer' defined in 'glew32s.lib(glew.obj)' is imported by 'mesh_ind.obj'
LINK : warning LNK4286: symbol '___glewBindVertexArray' defined in 'glew32s.lib(glew.obj)' is imported by 'mesh.obj'
LINK : warning LNK4286: symbol '___glewBindVertexArray' defined in 'glew32s.lib(glew.obj)' is imported by 'mesh_ind.obj'
LINK : warning LNK4286: symbol '___glewDeleteVertexArrays' defined in 'glew32s.lib(glew.obj)' is imported by 'mesh.obj'
LINK : warning LNK4286: symbol '___glewDeleteVertexArrays' defined in 'glew32s.lib(glew.obj)' is imported by 'mesh_ind.obj'
LINK : warning LNK4286: symbol '___glewGenVertexArrays' defined in 'glew32s.lib(glew.obj)' is imported by 'mesh.obj'
LINK : warning LNK4286: symbol '___glewGenVertexArrays' defined in 'glew32s.lib(glew.obj)' is imported by 'mesh_ind.obj'
LINK : warning LNK4286: symbol '___glewAttachShader' defined in 'glew32s.lib(glew.obj)' is imported by 'Shader.obj'
LINK : warning LNK4286: symbol '___glewCompileShader' defined in 'glew32s.lib(glew.obj)' is imported by 'Shader.obj'
LINK : warning LNK4286: symbol '___glewCreateProgram' defined in 'glew32s.lib(glew.obj)' is imported by 'Shader.obj'
LINK : warning LNK4286: symbol '___glewCreateShader' defined in 'glew32s.lib(glew.obj)' is imported by 'Shader.obj'
LINK : warning LNK4286: symbol '___glewDeleteProgram' defined in 'glew32s.lib(glew.obj)' is imported by 'Shader.obj'
LINK : warning LNK4286: symbol '___glewDeleteShader' defined in 'glew32s.lib(glew.obj)' is imported by 'Shader.obj'
LINK : warning LNK4286: symbol '___glewDetachShader' defined in 'glew32s.lib(glew.obj)' is imported by 'Shader.obj'
LINK : warning LNK4286: symbol '___glewGetProgramInfoLog' defined in 'glew32s.lib(glew.obj)' is imported by 'Shader.obj'
LINK : warning LNK4286: symbol '___glewGetProgramiv' defined in 'glew32s.lib(glew.obj)' is imported by 'Shader.obj'
LINK : warning LNK4286: symbol '___glewGetShaderInfoLog' defined in 'glew32s.lib(glew.obj)' is imported by 'Shader.obj'
LINK : warning LNK4286: symbol '___glewGetShaderiv' defined in 'glew32s.lib(glew.obj)' is imported by 'Shader.obj'
LINK : warning LNK4286: symbol '___glewGetUniformLocation' defined in 'glew32s.lib(glew.obj)' is imported by 'Shader.obj'
LINK : warning LNK4286: symbol '___glewLinkProgram' defined in 'glew32s.lib(glew.obj)' is imported by 'Shader.obj'
LINK : warning LNK4286: symbol '___glewShaderSource' defined in 'glew32s.lib(glew.obj)' is imported by 'Shader.obj'
LINK : warning LNK4286: symbol '___glewUniform3f' defined in 'glew32s.lib(glew.obj)' is imported by 'Shader.obj'
LINK : warning LNK4286: symbol '___glewUniformMatrix4fv' defined in 'glew32s.lib(glew.obj)' is imported by 'Shader.obj'
LINK : warning LNK4286: symbol '___glewValidateProgram' defined in 'glew32s.lib(glew.obj)' is imported by 'Shader.obj'
glew32s.lib(glew.obj) : warning LNK4099: PDB 'vc120.pdb' was not found with 'glew32s.lib(glew.obj)' or at 'C:\Users\Andrei-Marian\Desktop\graphics\Debug\vc120.pdb'; linking object as if no debug info
  Graphics.vcxproj -> C:\Users\Andrei-Marian\Desktop\graphics\Debug\Graphics.exe
